1645357168389	geckodriver	INFO	Listening on 127.0.0.1:54173
1645357169330	mozrunner::runner	INFO	Running command: "/sbin/firefox" "--marionette" "-no-remote" "-profile" "/tmp/rust_mozprofileqNBoY0"
1645357175794	Marionette	INFO	Marionette enabled
console.warn: SearchSettings: "get: No settings file exists, new profile?" (new NotFoundError("Could not open the file at /tmp/rust_mozprofileqNBoY0/search.json.mozlz4", (void 0)))
1645357181326	Marionette	INFO	Listening on port 43769
1645357181472	RemoteAgent	WARN	TLS certificate errors will be ignored for this session
console.warn: LoginRecipes: "getRecipes: falling back to a synchronous message for:" "https://pea.edu.np"
console.warn: LoginRecipes: "getRecipes: falling back to a synchronous message for:" "https://pea.edu.np"
JavaScript error: resource://gre/modules/LoginManagerParent.jsm, line 136: TypeError: gRecipeManager is null
1645357186025	Marionette	INFO	Stopped listening on port 43769
1645794153607	geckodriver	INFO	Listening on 127.0.0.1:60557
1645794154616	mozrunner::runner	INFO	Running command: "/sbin/firefox" "--marionette" "-no-remote" "-profile" "/tmp/rust_mozprofile7GCdPQ"
1645794157705	Marionette	INFO	Marionette enabled
console.warn: SearchSettings: "get: No settings file exists, new profile?" (new NotFoundError("Could not open the file at /tmp/rust_mozprofile7GCdPQ/search.json.mozlz4", (void 0)))
1645794171343	Marionette	INFO	Listening on port 40773
1645794171760	RemoteAgent	WARN	TLS certificate errors will be ignored for this session
console.warn: LoginRecipes: "getRecipes: falling back to a synchronous message for:" "https://pea.edu.np"
console.warn: LoginRecipes: "getRecipes: falling back to a synchronous message for:" "https://pea.edu.np"
JavaScript error: resource://gre/modules/LoginManagerParent.jsm, line 136: TypeError: gRecipeManager is null
1645794185938	Marionette	INFO	Stopped listening on port 40773

###!!! [Parent][PImageBridgeParent] Error: RunMessage(msgname=PImageBridge::Msg_WillClose) Channel closing: too late to send/recv, messages will be lost

